file /root/mitsuba/build/SConscript.configure,line 137:
	Configure(confdir = .sconf_temp)
scons: Configure: Checking for g++ ...
scons: Configure: ".sconf_temp/conftest_0.cpp" is up to date.
scons: Configure: The original builder output was:
  |.sconf_temp/conftest_0.cpp <-
  |  |#include <sstream>
  |  | int main(int argc, char **argv) {
  |  | std::ostringstream oss;
  |  | return 0;
  |  | }
  |
scons: Configure: ".sconf_temp/conftest_0.o" is up to date.
scons: Configure: The original builder output was:
  |g++ -o .sconf_temp/conftest_0.o -c -std=c++11 -Ofast -Wall -pipe -ffast-math -flto -march=native -ftree-vectorize -funsafe-math-optimizations -fno-rounding-math -fno-signaling-nans -fno-math-errno -fomit-frame-pointer -DSINGLE_PRECISION -DSPECTRUM_SAMPLES=3 -DMTS_SSE -DMTS_HAS_COHERENT_RT -fopenmp -fvisibility=hidden -mtls-dialect=gnu2 -DGLEW_MX -I/usr/include/collada-dom -I/usr/include/collada-dom/1.4 -I/usr/include/OpenEXR -I/usr/include/eigen3 -I/usr/include/OpenEXR -Iinclude .sconf_temp/conftest_0.cpp
  |
scons: Configure: ".sconf_temp/conftest_0" is up to date.
scons: Configure: The original builder output was:
  |g++ -o .sconf_temp/conftest_0 .sconf_temp/conftest_0.o -lboost_system -lboost_filesystem -lboost_thread -ldl -lm -lpthread -lgomp
  |
scons: Configure: (cached) yes

scons: Configure: Checking for C header file png.h... 
scons: Configure: ".sconf_temp/conftest_1.c" is up to date.
scons: Configure: The original builder output was:
  |.sconf_temp/conftest_1.c <-
  |  |
  |  |#include "png.h"
  |  |
  |  |
  |
scons: Configure: ".sconf_temp/conftest_1.o" is up to date.
scons: Configure: The original builder output was:
  |gcc -o .sconf_temp/conftest_1.o -c -DGLEW_MX -I/usr/include/collada-dom -I/usr/include/collada-dom/1.4 -I/usr/include/OpenEXR -I/usr/include/eigen3 -I/usr/include/OpenEXR -Iinclude .sconf_temp/conftest_1.c
  |
scons: Configure: (cached) yes

scons: Configure: Checking for C header file jpeglib.h... 
scons: Configure: ".sconf_temp/conftest_2.c" is up to date.
scons: Configure: The original builder output was:
  |.sconf_temp/conftest_2.c <-
  |  |#include "stdio.h"
  |  |
  |  |#include "jpeglib.h"
  |  |
  |  |
  |
scons: Configure: ".sconf_temp/conftest_2.o" is up to date.
scons: Configure: The original builder output was:
  |gcc -o .sconf_temp/conftest_2.o -c -DGLEW_MX -DMTS_HAS_LIBPNG=1 -I/usr/include/collada-dom -I/usr/include/collada-dom/1.4 -I/usr/include/OpenEXR -I/usr/include/eigen3 -I/usr/include/OpenEXR -Iinclude .sconf_temp/conftest_2.c
  |
scons: Configure: (cached) yes

scons: Configure: Checking for C++ header file ImfRgba.h... 
scons: Configure: ".sconf_temp/conftest_3.cpp" is up to date.
scons: Configure: The original builder output was:
  |.sconf_temp/conftest_3.cpp <-
  |  |
  |  |#include "ImfRgba.h"
  |  |
  |  |
  |
scons: Configure: ".sconf_temp/conftest_3.o" is up to date.
scons: Configure: The original builder output was:
  |g++ -o .sconf_temp/conftest_3.o -c -std=c++11 -Ofast -Wall -pipe -ffast-math -flto -march=native -ftree-vectorize -funsafe-math-optimizations -fno-rounding-math -fno-signaling-nans -fno-math-errno -fomit-frame-pointer -DSINGLE_PRECISION -DSPECTRUM_SAMPLES=3 -DMTS_SSE -DMTS_HAS_COHERENT_RT -fopenmp -fvisibility=hidden -mtls-dialect=gnu2 -DGLEW_MX -DMTS_HAS_LIBPNG=1 -DMTS_HAS_LIBJPEG=1 -I/usr/include/collada-dom -I/usr/include/collada-dom/1.4 -I/usr/include/OpenEXR -I/usr/include/eigen3 -I/usr/include/OpenEXR -Iinclude .sconf_temp/conftest_3.cpp
  |
scons: Configure: (cached) yes

scons: Configure: Checking for C++ header file xercesc/dom/DOMLSParser.hpp... 
scons: Configure: ".sconf_temp/conftest_4.cpp" is up to date.
scons: Configure: The original builder output was:
  |.sconf_temp/conftest_4.cpp <-
  |  |
  |  |#include "xercesc/dom/DOMLSParser.hpp"
  |  |
  |  |
  |
scons: Configure: ".sconf_temp/conftest_4.o" is up to date.
scons: Configure: The original builder output was:
  |g++ -o .sconf_temp/conftest_4.o -c -std=c++11 -Ofast -Wall -pipe -ffast-math -flto -march=native -ftree-vectorize -funsafe-math-optimizations -fno-rounding-math -fno-signaling-nans -fno-math-errno -fomit-frame-pointer -DSINGLE_PRECISION -DSPECTRUM_SAMPLES=3 -DMTS_SSE -DMTS_HAS_COHERENT_RT -fopenmp -fvisibility=hidden -mtls-dialect=gnu2 -DGLEW_MX -DMTS_HAS_LIBPNG=1 -DMTS_HAS_LIBJPEG=1 -DMTS_HAS_OPENEXR=1 -I/usr/include/collada-dom -I/usr/include/collada-dom/1.4 -I/usr/include/OpenEXR -I/usr/include/eigen3 -I/usr/include/OpenEXR -Iinclude .sconf_temp/conftest_4.cpp
  |
scons: Configure: (cached) yes

scons: Configure: Checking for C++ header file dae.h... 
scons: Configure: ".sconf_temp/conftest_5.cpp" is up to date.
scons: Configure: The original builder output was:
  |.sconf_temp/conftest_5.cpp <-
  |  |
  |  |#include "dae.h"
  |  |
  |  |
  |
scons: Configure: Building ".sconf_temp/conftest_5.o" failed in a previous run and all its sources are up to date.
scons: Configure: The original builder output was:
  |g++ -o .sconf_temp/conftest_5.o -c -std=c++11 -Ofast -Wall -pipe -ffast-math -flto -march=native -ftree-vectorize -funsafe-math-optimizations -fno-rounding-math -fno-signaling-nans -fno-math-errno -fomit-frame-pointer -DSINGLE_PRECISION -DSPECTRUM_SAMPLES=3 -DMTS_SSE -DMTS_HAS_COHERENT_RT -fopenmp -fvisibility=hidden -mtls-dialect=gnu2 -DGLEW_MX -DMTS_HAS_LIBPNG=1 -DMTS_HAS_LIBJPEG=1 -DMTS_HAS_OPENEXR=1 -I/usr/include/collada-dom -I/usr/include/collada-dom/1.4 -I/usr/include/OpenEXR -I/usr/include/eigen3 -I/usr/include/OpenEXR -Iinclude .sconf_temp/conftest_5.cpp
  |
scons: Configure: (cached) no

scons: Configure: Checking for C++ header file pyconfig.h... 
scons: Configure: ".sconf_temp/conftest_6.cpp" is up to date.
scons: Configure: The original builder output was:
  |.sconf_temp/conftest_6.cpp <-
  |  |
  |  |#include "pyconfig.h"
  |  |
  |  |
  |
scons: Configure: ".sconf_temp/conftest_6.o" is up to date.
scons: Configure: The original builder output was:
  |g++ -o .sconf_temp/conftest_6.o -c -std=c++11 -Ofast -Wall -pipe -ffast-math -flto -march=native -ftree-vectorize -funsafe-math-optimizations -fno-rounding-math -fno-signaling-nans -fno-math-errno -fomit-frame-pointer -DSINGLE_PRECISION -DSPECTRUM_SAMPLES=3 -DMTS_SSE -DMTS_HAS_COHERENT_RT -fopenmp -fvisibility=hidden -mtls-dialect=gnu2 -DGLEW_MX -DMTS_HAS_LIBPNG=1 -DMTS_HAS_LIBJPEG=1 -DMTS_HAS_OPENEXR=1 -I/usr/include/collada-dom -I/usr/include/collada-dom/1.4 -I/usr/include/OpenEXR -I/usr/include/eigen3 -I/usr/include/OpenEXR -Iinclude -I/usr/include/python2.7 -I/usr/include/x86_64-linux-gnu/python2.7 .sconf_temp/conftest_6.cpp
  |
scons: Configure: (cached) yes

scons: Configure: Checking for C++ header file boost/version.hpp... 
scons: Configure: ".sconf_temp/conftest_7.cpp" is up to date.
scons: Configure: The original builder output was:
  |.sconf_temp/conftest_7.cpp <-
  |  |
  |  |#include "boost/version.hpp"
  |  |
  |  |
  |
scons: Configure: ".sconf_temp/conftest_7.o" is up to date.
scons: Configure: The original builder output was:
  |g++ -o .sconf_temp/conftest_7.o -c -std=c++11 -Ofast -Wall -pipe -ffast-math -flto -march=native -ftree-vectorize -funsafe-math-optimizations -fno-rounding-math -fno-signaling-nans -fno-math-errno -fomit-frame-pointer -DSINGLE_PRECISION -DSPECTRUM_SAMPLES=3 -DMTS_SSE -DMTS_HAS_COHERENT_RT -fopenmp -fvisibility=hidden -mtls-dialect=gnu2 -DGLEW_MX -DMTS_HAS_LIBPNG=1 -DMTS_HAS_LIBJPEG=1 -DMTS_HAS_OPENEXR=1 -I/usr/include/collada-dom -I/usr/include/collada-dom/1.4 -I/usr/include/OpenEXR -I/usr/include/eigen3 -I/usr/include/OpenEXR -Iinclude .sconf_temp/conftest_7.cpp
  |
scons: Configure: (cached) yes

scons: Configure: ".sconf_temp/conftest_8.cpp" is up to date.
scons: Configure: The original builder output was:
  |.sconf_temp/conftest_8.cpp <-
  |  |#include <boost/version.hpp>
  |  |#if BOOST_VERSION < 104400
  |  |#error Boost is outdated!
  |  |#endif
  |
scons: Configure: ".sconf_temp/conftest_8.o" is up to date.
scons: Configure: The original builder output was:
  |g++ -o .sconf_temp/conftest_8.o -c -std=c++11 -Ofast -Wall -pipe -ffast-math -flto -march=native -ftree-vectorize -funsafe-math-optimizations -fno-rounding-math -fno-signaling-nans -fno-math-errno -fomit-frame-pointer -DSINGLE_PRECISION -DSPECTRUM_SAMPLES=3 -DMTS_SSE -DMTS_HAS_COHERENT_RT -fopenmp -fvisibility=hidden -mtls-dialect=gnu2 -DGLEW_MX -DMTS_HAS_LIBPNG=1 -DMTS_HAS_LIBJPEG=1 -DMTS_HAS_OPENEXR=1 -I/usr/include/collada-dom -I/usr/include/collada-dom/1.4 -I/usr/include/OpenEXR -I/usr/include/eigen3 -I/usr/include/OpenEXR -Iinclude .sconf_temp/conftest_8.cpp
  |
scons: Configure: Checking for C++ header file Eigen/Core... 
scons: Configure: ".sconf_temp/conftest_9.cpp" is up to date.
scons: Configure: The original builder output was:
  |.sconf_temp/conftest_9.cpp <-
  |  |
  |  |#include "Eigen/Core"
  |  |
  |  |
  |
scons: Configure: ".sconf_temp/conftest_9.o" is up to date.
scons: Configure: The original builder output was:
  |g++ -o .sconf_temp/conftest_9.o -c -std=c++11 -Ofast -Wall -pipe -ffast-math -flto -march=native -ftree-vectorize -funsafe-math-optimizations -fno-rounding-math -fno-signaling-nans -fno-math-errno -fomit-frame-pointer -DSINGLE_PRECISION -DSPECTRUM_SAMPLES=3 -DMTS_SSE -DMTS_HAS_COHERENT_RT -fopenmp -fvisibility=hidden -mtls-dialect=gnu2 -DGLEW_MX -DMTS_HAS_LIBPNG=1 -DMTS_HAS_LIBJPEG=1 -DMTS_HAS_OPENEXR=1 -I/usr/include/collada-dom -I/usr/include/collada-dom/1.4 -I/usr/include/OpenEXR -I/usr/include/eigen3 -I/usr/include/OpenEXR -Iinclude .sconf_temp/conftest_9.cpp
  |
scons: Configure: (cached) yes

scons: Configure: Checking for C++ header file fftw3.h... 
scons: Configure: ".sconf_temp/conftest_10.cpp" is up to date.
scons: Configure: The original builder output was:
  |.sconf_temp/conftest_10.cpp <-
  |  |
  |  |#include "fftw3.h"
  |  |
  |  |
  |
scons: Configure: ".sconf_temp/conftest_10.o" is up to date.
scons: Configure: The original builder output was:
  |g++ -o .sconf_temp/conftest_10.o -c -std=c++11 -Ofast -Wall -pipe -ffast-math -flto -march=native -ftree-vectorize -funsafe-math-optimizations -fno-rounding-math -fno-signaling-nans -fno-math-errno -fomit-frame-pointer -DSINGLE_PRECISION -DSPECTRUM_SAMPLES=3 -DMTS_SSE -DMTS_HAS_COHERENT_RT -fopenmp -fvisibility=hidden -mtls-dialect=gnu2 -DGLEW_MX -DMTS_HAS_LIBPNG=1 -DMTS_HAS_LIBJPEG=1 -DMTS_HAS_OPENEXR=1 -I/usr/include/collada-dom -I/usr/include/collada-dom/1.4 -I/usr/include/OpenEXR -I/usr/include/eigen3 -I/usr/include/OpenEXR -Iinclude .sconf_temp/conftest_10.cpp
  |
scons: Configure: (cached) yes

scons: Configure: Checking for C header file GL/gl.h... 
scons: Configure: ".sconf_temp/conftest_11.c" is up to date.
scons: Configure: The original builder output was:
  |.sconf_temp/conftest_11.c <-
  |  |
  |  |#include "GL/gl.h"
  |  |
  |  |
  |
scons: Configure: ".sconf_temp/conftest_11.o" is up to date.
scons: Configure: The original builder output was:
  |gcc -o .sconf_temp/conftest_11.o -c -DGLEW_MX -DMTS_HAS_LIBPNG=1 -DMTS_HAS_LIBJPEG=1 -DMTS_HAS_OPENEXR=1 -DMTS_HAS_FFTW=1 -I/usr/include/collada-dom -I/usr/include/collada-dom/1.4 -I/usr/include/OpenEXR -I/usr/include/eigen3 -I/usr/include/OpenEXR -Iinclude .sconf_temp/conftest_11.c
  |
scons: Configure: (cached) yes

scons: Configure: Checking for C header file GL/glu.h... 
scons: Configure: ".sconf_temp/conftest_12.c" is up to date.
scons: Configure: The original builder output was:
  |.sconf_temp/conftest_12.c <-
  |  |
  |  |#include "GL/glu.h"
  |  |
  |  |
  |
scons: Configure: ".sconf_temp/conftest_12.o" is up to date.
scons: Configure: The original builder output was:
  |gcc -o .sconf_temp/conftest_12.o -c -DGLEW_MX -DMTS_HAS_LIBPNG=1 -DMTS_HAS_LIBJPEG=1 -DMTS_HAS_OPENEXR=1 -DMTS_HAS_FFTW=1 -I/usr/include/collada-dom -I/usr/include/collada-dom/1.4 -I/usr/include/OpenEXR -I/usr/include/eigen3 -I/usr/include/OpenEXR -Iinclude .sconf_temp/conftest_12.c
  |
scons: Configure: (cached) yes

scons: Configure: Checking for C header file GL/glext.h... 
scons: Configure: ".sconf_temp/conftest_13.c" is up to date.
scons: Configure: The original builder output was:
  |.sconf_temp/conftest_13.c <-
  |  |#include "GL/gl.h"
  |  |
  |  |#include "GL/glext.h"
  |  |
  |  |
  |
scons: Configure: ".sconf_temp/conftest_13.o" is up to date.
scons: Configure: The original builder output was:
  |gcc -o .sconf_temp/conftest_13.o -c -DGLEW_MX -DMTS_HAS_LIBPNG=1 -DMTS_HAS_LIBJPEG=1 -DMTS_HAS_OPENEXR=1 -DMTS_HAS_FFTW=1 -I/usr/include/collada-dom -I/usr/include/collada-dom/1.4 -I/usr/include/OpenEXR -I/usr/include/eigen3 -I/usr/include/OpenEXR -Iinclude .sconf_temp/conftest_13.c
  |
scons: Configure: (cached) yes

scons: Configure: Checking for C header file GL/glew.h... 
scons: Configure: ".sconf_temp/conftest_14.c" is up to date.
scons: Configure: The original builder output was:
  |.sconf_temp/conftest_14.c <-
  |  |
  |  |#include "GL/glew.h"
  |  |
  |  |
  |
scons: Configure: ".sconf_temp/conftest_14.o" is up to date.
scons: Configure: The original builder output was:
  |gcc -o .sconf_temp/conftest_14.o -c -DGLEW_MX -DMTS_HAS_LIBPNG=1 -DMTS_HAS_LIBJPEG=1 -DMTS_HAS_OPENEXR=1 -DMTS_HAS_FFTW=1 -I/usr/include/collada-dom -I/usr/include/collada-dom/1.4 -I/usr/include/OpenEXR -I/usr/include/eigen3 -I/usr/include/OpenEXR -Iinclude .sconf_temp/conftest_14.c
  |
scons: Configure: (cached) yes

scons: Configure: Checking for C type GLEWContext... 
scons: Configure: ".sconf_temp/conftest_15.c" is up to date.
scons: Configure: The original builder output was:
  |.sconf_temp/conftest_15.c <-
  |  |
  |  |
  |  |#include <GL/glew.h>
  |  |
  |  |int main() {
  |  |  if ((GLEWContext *) 0)
  |  |    return 0;
  |  |  if (sizeof (GLEWContext))
  |  |    return 0;
  |  |}
  |  |
  |
scons: Configure: ".sconf_temp/conftest_15.o" is up to date.
scons: Configure: The original builder output was:
  |gcc -o .sconf_temp/conftest_15.o -c -DGLEW_MX -DMTS_HAS_LIBPNG=1 -DMTS_HAS_LIBJPEG=1 -DMTS_HAS_OPENEXR=1 -DMTS_HAS_FFTW=1 -I/usr/include/collada-dom -I/usr/include/collada-dom/1.4 -I/usr/include/OpenEXR -I/usr/include/eigen3 -I/usr/include/OpenEXR -Iinclude .sconf_temp/conftest_15.c
  |
scons: Configure: ".sconf_temp/conftest_15" is up to date.
scons: Configure: The original builder output was:
  |gcc -o .sconf_temp/conftest_15 .sconf_temp/conftest_15.o -lboost_system -lboost_filesystem -lboost_thread -ldl -lm -lpthread -lgomp
  |
scons: Configure: (cached) yes

scons: Configure: ".sconf_temp/conftest_16.cpp" is up to date.
scons: Configure: The original builder output was:
  |.sconf_temp/conftest_16.cpp <-
  |  |#include <GL/glew.h>
  |  | int i = GL_VERTEX_ATTRIB_ARRAY_UNIFIED_NV;
  |
scons: Configure: ".sconf_temp/conftest_16.o" is up to date.
scons: Configure: The original builder output was:
  |g++ -o .sconf_temp/conftest_16.o -c -std=c++11 -Ofast -Wall -pipe -ffast-math -flto -march=native -ftree-vectorize -funsafe-math-optimizations -fno-rounding-math -fno-signaling-nans -fno-math-errno -fomit-frame-pointer -DSINGLE_PRECISION -DSPECTRUM_SAMPLES=3 -DMTS_SSE -DMTS_HAS_COHERENT_RT -fopenmp -fvisibility=hidden -mtls-dialect=gnu2 -DGLEW_MX -DMTS_HAS_LIBPNG=1 -DMTS_HAS_LIBJPEG=1 -DMTS_HAS_OPENEXR=1 -DMTS_HAS_FFTW=1 -I/usr/include/collada-dom -I/usr/include/collada-dom/1.4 -I/usr/include/OpenEXR -I/usr/include/eigen3 -I/usr/include/OpenEXR -Iinclude .sconf_temp/conftest_16.cpp
  |
scons: Configure: Checking for C header file X11/extensions/xf86vmode.h... 
scons: Configure: ".sconf_temp/conftest_17.c" is up to date.
scons: Configure: The original builder output was:
  |.sconf_temp/conftest_17.c <-
  |  |#include "X11/Xlib.h"
  |  |
  |  |#include "X11/extensions/xf86vmode.h"
  |  |
  |  |
  |
scons: Configure: ".sconf_temp/conftest_17.o" is up to date.
scons: Configure: The original builder output was:
  |gcc -o .sconf_temp/conftest_17.o -c -DGLEW_MX -DMTS_HAS_LIBPNG=1 -DMTS_HAS_LIBJPEG=1 -DMTS_HAS_OPENEXR=1 -DMTS_HAS_FFTW=1 -I/usr/include/collada-dom -I/usr/include/collada-dom/1.4 -I/usr/include/OpenEXR -I/usr/include/eigen3 -I/usr/include/OpenEXR -Iinclude .sconf_temp/conftest_17.c
  |
scons: Configure: (cached) yes


